2024-10-08 14:25:02,856 [Worker-2: Loading available Gradle versions] INFO  o.e.b.c.i.u.g.PublishedGradleVersions - Gradle version information cache is up-to-date. Trying to read.
2024-10-08 17:21:48,973 [Worker-105: Enabling Maven Dependency Management] INFO  o.e.m.c.i.l.LifecycleMappingFactory - Using org.maven.ide.eclipse.wtp.WarLifecycleMapping lifecycle mapping for MavenProject: swa01:swa01:0.0.1-SNAPSHOT @ C:\Users\wogns\OneDrive\바탕 화면\깃허브 레포지토리\swaPractice\Myworkspace\swa01\pom.xml.
2024-10-08 17:21:51,013 [Worker-101: Building] WARN  o.a.m.s.f.DefaultMavenResourcesFiltering - Using platform encoding (MS949 actually) to copy filtered resources, i.e. build is platform dependent!
2024-10-08 17:21:51,014 [Worker-101: Building] INFO  o.a.m.s.f.DefaultMavenResourcesFiltering - skip non existing resourceDirectory C:\Users\wogns\OneDrive\바탕 화면\깃허브 레포지토리\swaPractice\Myworkspace\swa01\src\main\resources
2024-10-08 17:21:51,019 [Worker-101: Building] WARN  o.a.m.s.f.DefaultMavenResourcesFiltering - Using platform encoding (MS949 actually) to copy filtered resources, i.e. build is platform dependent!
2024-10-08 17:21:51,020 [Worker-101: Building] INFO  o.a.m.s.f.DefaultMavenResourcesFiltering - skip non existing resourceDirectory C:\Users\wogns\OneDrive\바탕 화면\깃허브 레포지토리\swaPractice\Myworkspace\swa01\src\test\resources
2024-10-08 17:21:51,577 [Worker-105: Enabling Maven Dependency Management] INFO  o.e.m.j.i.AbstractJavaProjectConfigurator - Adding source folder /swa01/src/main/java
2024-10-08 17:21:51,577 [Worker-105: Enabling Maven Dependency Management] INFO  o.e.m.j.i.AbstractJavaProjectConfigurator - Adding resource folder /swa01/src/main/resources
2024-10-08 17:21:51,578 [Worker-105: Enabling Maven Dependency Management] INFO  o.e.m.j.i.AbstractJavaProjectConfigurator - Adding source folder /swa01/src/test/java
2024-10-08 17:21:51,578 [Worker-105: Enabling Maven Dependency Management] INFO  o.e.m.j.i.AbstractJavaProjectConfigurator - Adding resource folder /swa01/src/test/resources
2024-10-08 17:21:51,862 [Worker-105: Enabling Maven Dependency Management] INFO  o.e.m.c.i.p.ProjectConfigurationManager - Update started
2024-10-08 17:21:52,510 [Worker-105: Enabling Maven Dependency Management] INFO  o.e.m.c.i.l.LifecycleMappingFactory - Using org.maven.ide.eclipse.wtp.WarLifecycleMapping lifecycle mapping for MavenProject: swa01:swa01:0.0.1-SNAPSHOT @ C:\Users\wogns\OneDrive\바탕 화면\깃허브 레포지토리\swaPractice\Myworkspace\swa01\pom.xml.
2024-10-08 17:21:53,215 [Worker-105: Enabling Maven Dependency Management] INFO  o.e.m.j.i.AbstractJavaProjectConfigurator - Adding source folder /swa01/src/main/java
2024-10-08 17:21:53,215 [Worker-105: Enabling Maven Dependency Management] INFO  o.e.m.j.i.AbstractJavaProjectConfigurator - Adding resource folder /swa01/src/main/resources
2024-10-08 17:21:53,216 [Worker-105: Enabling Maven Dependency Management] INFO  o.e.m.j.i.AbstractJavaProjectConfigurator - Adding source folder /swa01/src/test/java
2024-10-08 17:21:53,216 [Worker-105: Enabling Maven Dependency Management] INFO  o.e.m.j.i.AbstractJavaProjectConfigurator - Adding resource folder /swa01/src/test/resources
2024-10-08 17:21:53,479 [Worker-105: Enabling Maven Dependency Management] INFO  o.e.m.w.i.f.ResourceFilteringBuildParticipant - Cleaning filtered folder for swa01
2024-10-08 17:21:53,520 [Worker-105: Enabling Maven Dependency Management] INFO  o.e.m.c.i.p.ProjectConfigurationManager - Update completed for 1 poms: local refresh takes 0.00 sec, refresh facades takes 1.00 sec, update config takes 0.00 sec 
2024-10-08 17:21:53,669 [Worker-105: Building] WARN  o.a.m.s.f.DefaultMavenResourcesFiltering - Using platform encoding (MS949 actually) to copy filtered resources, i.e. build is platform dependent!
2024-10-08 17:21:53,671 [Worker-105: Building] INFO  o.a.m.s.f.DefaultMavenResourcesFiltering - skip non existing resourceDirectory C:\Users\wogns\OneDrive\바탕 화면\깃허브 레포지토리\swaPractice\Myworkspace\swa01\src\main\resources
2024-10-08 17:21:53,674 [Worker-105: Building] WARN  o.a.m.s.f.DefaultMavenResourcesFiltering - Using platform encoding (MS949 actually) to copy filtered resources, i.e. build is platform dependent!
2024-10-08 17:21:53,675 [Worker-105: Building] INFO  o.a.m.s.f.DefaultMavenResourcesFiltering - skip non existing resourceDirectory C:\Users\wogns\OneDrive\바탕 화면\깃허브 레포지토리\swaPractice\Myworkspace\swa01\src\test\resources
2024-10-08 17:21:53,676 [Worker-105: Building] INFO  o.e.m.w.i.f.ResourceFilteringBuildParticipant - Changed resources require a complete clean of filtered resources of swa01
2024-10-08 17:21:53,676 [Worker-105: Building] INFO  o.e.m.w.i.f.ResourceFilteringBuildParticipant - Executing resource filtering for swa01
2024-10-08 17:22:05,157 [Worker-105: Building] INFO  o.e.m.c.i.l.LifecycleMappingFactory - Using org.maven.ide.eclipse.wtp.WarLifecycleMapping lifecycle mapping for MavenProject: swa01:swa01:0.0.1-SNAPSHOT @ C:\Users\wogns\OneDrive\바탕 화면\깃허브 레포지토리\swaPractice\Myworkspace\swa01\pom.xml.
2024-10-08 17:22:05,584 [Worker-105: Building] WARN  o.a.m.s.f.DefaultMavenResourcesFiltering - Using platform encoding (MS949 actually) to copy filtered resources, i.e. build is platform dependent!
2024-10-08 17:22:05,585 [Worker-105: Building] INFO  o.a.m.s.f.DefaultMavenResourcesFiltering - skip non existing resourceDirectory C:\Users\wogns\OneDrive\바탕 화면\깃허브 레포지토리\swaPractice\Myworkspace\swa01\src\main\resources
2024-10-08 17:22:05,587 [Worker-105: Building] WARN  o.a.m.s.f.DefaultMavenResourcesFiltering - Using platform encoding (MS949 actually) to copy filtered resources, i.e. build is platform dependent!
2024-10-08 17:22:05,588 [Worker-105: Building] INFO  o.a.m.s.f.DefaultMavenResourcesFiltering - skip non existing resourceDirectory C:\Users\wogns\OneDrive\바탕 화면\깃허브 레포지토리\swaPractice\Myworkspace\swa01\src\test\resources
2024-10-08 17:22:05,589 [Worker-105: Building] INFO  o.e.m.w.i.f.ResourceFilteringBuildParticipant - Changed resources require a complete clean of filtered resources of swa01
2024-10-08 17:22:05,589 [Worker-105: Building] INFO  o.e.m.w.i.f.ResourceFilteringBuildParticipant - Executing resource filtering for swa01
2024-10-08 17:22:15,791 [Worker-107: Building] INFO  o.e.m.c.i.l.LifecycleMappingFactory - Using org.maven.ide.eclipse.wtp.WarLifecycleMapping lifecycle mapping for MavenProject: swa01:swa01:0.0.1-SNAPSHOT @ C:\Users\wogns\OneDrive\바탕 화면\깃허브 레포지토리\swaPractice\Myworkspace\swa01\pom.xml.
2024-10-08 17:22:16,223 [Worker-107: Building] WARN  o.a.m.s.f.DefaultMavenResourcesFiltering - Using platform encoding (MS949 actually) to copy filtered resources, i.e. build is platform dependent!
2024-10-08 17:22:16,223 [Worker-107: Building] INFO  o.a.m.s.f.DefaultMavenResourcesFiltering - skip non existing resourceDirectory C:\Users\wogns\OneDrive\바탕 화면\깃허브 레포지토리\swaPractice\Myworkspace\swa01\src\main\resources
2024-10-08 17:22:16,226 [Worker-107: Building] WARN  o.a.m.s.f.DefaultMavenResourcesFiltering - Using platform encoding (MS949 actually) to copy filtered resources, i.e. build is platform dependent!
2024-10-08 17:22:16,227 [Worker-107: Building] INFO  o.a.m.s.f.DefaultMavenResourcesFiltering - skip non existing resourceDirectory C:\Users\wogns\OneDrive\바탕 화면\깃허브 레포지토리\swaPractice\Myworkspace\swa01\src\test\resources
2024-10-08 17:22:16,227 [Worker-107: Building] INFO  o.e.m.w.i.f.ResourceFilteringBuildParticipant - Changed resources require a complete clean of filtered resources of swa01
2024-10-08 17:22:16,227 [Worker-107: Building] INFO  o.e.m.w.i.f.ResourceFilteringBuildParticipant - Executing resource filtering for swa01
2024-10-08 17:23:12,539 [Worker-120: Building] INFO  o.e.m.c.i.l.LifecycleMappingFactory - Using org.maven.ide.eclipse.wtp.WarLifecycleMapping lifecycle mapping for MavenProject: swa01:swa01:0.0.1-SNAPSHOT @ C:\Users\wogns\OneDrive\바탕 화면\깃허브 레포지토리\swaPractice\Myworkspace\swa01\pom.xml.
2024-10-08 17:23:12,922 [Worker-120: Building] WARN  o.a.m.s.f.DefaultMavenResourcesFiltering - Using platform encoding (MS949 actually) to copy filtered resources, i.e. build is platform dependent!
2024-10-08 17:23:12,923 [Worker-120: Building] INFO  o.a.m.s.f.DefaultMavenResourcesFiltering - skip non existing resourceDirectory C:\Users\wogns\OneDrive\바탕 화면\깃허브 레포지토리\swaPractice\Myworkspace\swa01\src\main\resources
2024-10-08 17:23:12,925 [Worker-120: Building] WARN  o.a.m.s.f.DefaultMavenResourcesFiltering - Using platform encoding (MS949 actually) to copy filtered resources, i.e. build is platform dependent!
2024-10-08 17:23:12,927 [Worker-120: Building] INFO  o.a.m.s.f.DefaultMavenResourcesFiltering - skip non existing resourceDirectory C:\Users\wogns\OneDrive\바탕 화면\깃허브 레포지토리\swaPractice\Myworkspace\swa01\src\test\resources
2024-10-08 17:23:12,927 [Worker-120: Building] INFO  o.e.m.w.i.f.ResourceFilteringBuildParticipant - Changed resources require a complete clean of filtered resources of swa01
2024-10-08 17:23:12,927 [Worker-120: Building] INFO  o.e.m.w.i.f.ResourceFilteringBuildParticipant - Executing resource filtering for swa01
2024-10-08 17:27:30,265 [Worker-120: Updating Maven Project] INFO  o.e.m.c.i.p.ProjectConfigurationManager - Update started
2024-10-08 17:27:30,621 [Worker-120: Updating Maven Project] INFO  o.e.m.c.i.l.LifecycleMappingFactory - Using org.maven.ide.eclipse.wtp.WarLifecycleMapping lifecycle mapping for MavenProject: swa01:swa01:0.0.1-SNAPSHOT @ C:\Users\wogns\OneDrive\바탕 화면\깃허브 레포지토리\swaPractice\Myworkspace\swa01\pom.xml.
2024-10-08 17:27:31,004 [Worker-120: Updating Maven Project] INFO  o.e.m.j.i.AbstractJavaProjectConfigurator - Adding source folder /swa01/src/main/java
2024-10-08 17:27:31,004 [Worker-120: Updating Maven Project] INFO  o.e.m.j.i.AbstractJavaProjectConfigurator - Adding resource folder /swa01/src/main/resources
2024-10-08 17:27:31,004 [Worker-120: Updating Maven Project] INFO  o.e.m.j.i.AbstractJavaProjectConfigurator - Adding source folder /swa01/src/test/java
2024-10-08 17:27:31,004 [Worker-120: Updating Maven Project] INFO  o.e.m.j.i.AbstractJavaProjectConfigurator - Adding resource folder /swa01/src/test/resources
2024-10-08 17:27:31,142 [Worker-120: Updating Maven Project] INFO  o.e.m.w.i.f.ResourceFilteringBuildParticipant - Cleaning filtered folder for swa01
2024-10-08 17:27:31,168 [Worker-120: Updating Maven Project] INFO  o.e.m.c.i.p.ProjectConfigurationManager - Update completed for 1 poms: local refresh takes 0.00 sec, refresh facades takes 0.00 sec, update config takes 0.00 sec 
2024-10-08 17:27:31,377 [Worker-116: Building] WARN  o.a.m.s.f.DefaultMavenResourcesFiltering - Using platform encoding (MS949 actually) to copy filtered resources, i.e. build is platform dependent!
2024-10-08 17:27:31,378 [Worker-116: Building] INFO  o.a.m.s.f.DefaultMavenResourcesFiltering - skip non existing resourceDirectory C:\Users\wogns\OneDrive\바탕 화면\깃허브 레포지토리\swaPractice\Myworkspace\swa01\src\main\resources
2024-10-08 17:27:31,382 [Worker-116: Building] WARN  o.a.m.s.f.DefaultMavenResourcesFiltering - Using platform encoding (MS949 actually) to copy filtered resources, i.e. build is platform dependent!
2024-10-08 17:27:31,383 [Worker-116: Building] INFO  o.a.m.s.f.DefaultMavenResourcesFiltering - skip non existing resourceDirectory C:\Users\wogns\OneDrive\바탕 화면\깃허브 레포지토리\swaPractice\Myworkspace\swa01\src\test\resources
2024-10-08 17:27:31,384 [Worker-116: Building] INFO  o.e.m.w.i.f.ResourceFilteringBuildParticipant - Changed resources require a complete clean of filtered resources of swa01
2024-10-08 17:27:31,384 [Worker-116: Building] INFO  o.e.m.w.i.f.ResourceFilteringBuildParticipant - Executing resource filtering for swa01
2024-10-08 17:28:05,327 [Worker-116: Building] INFO  o.e.m.c.i.l.LifecycleMappingFactory - Using org.maven.ide.eclipse.wtp.WarLifecycleMapping lifecycle mapping for MavenProject: swa01:swa01:0.0.1-SNAPSHOT @ C:\Users\wogns\OneDrive\바탕 화면\깃허브 레포지토리\swaPractice\Myworkspace\swa01\pom.xml.
2024-10-08 17:28:05,456 [Worker-116: Building] INFO  o.e.m.c.i.e.AbstractTransferListenerAdapter - Downloading https://repo.maven.apache.org/maven2/org/glassfish/web/jakarta.servlet.jsp.jstl/2.0.0/jakarta.servlet.jsp.jstl-2.0.0.pom
2024-10-08 17:28:05,470 [Worker-116: Building] INFO  o.e.m.c.i.e.AbstractTransferListenerAdapter - Downloaded https://repo.maven.apache.org/maven2/org/glassfish/web/jakarta.servlet.jsp.jstl/2.0.0/jakarta.servlet.jsp.jstl-2.0.0.pom
2024-10-08 17:28:05,494 [Worker-116: Building] INFO  o.e.m.c.i.e.AbstractTransferListenerAdapter - Downloading https://repo.maven.apache.org/maven2/org/eclipse/ee4j/project/1.0.6/project-1.0.6.pom
2024-10-08 17:28:05,499 [Worker-116: Building] INFO  o.e.m.c.i.e.AbstractTransferListenerAdapter - Downloaded https://repo.maven.apache.org/maven2/org/eclipse/ee4j/project/1.0.6/project-1.0.6.pom
2024-10-08 17:28:05,524 [Worker-116: Building] INFO  o.e.m.c.i.e.AbstractTransferListenerAdapter - Downloading https://repo.maven.apache.org/maven2/jakarta/servlet/jsp/jstl/jakarta.servlet.jsp.jstl-api/2.0.0/jakarta.servlet.jsp.jstl-api-2.0.0.pom
2024-10-08 17:28:05,529 [Worker-116: Building] INFO  o.e.m.c.i.e.AbstractTransferListenerAdapter - Downloaded https://repo.maven.apache.org/maven2/jakarta/servlet/jsp/jstl/jakarta.servlet.jsp.jstl-api/2.0.0/jakarta.servlet.jsp.jstl-api-2.0.0.pom
2024-10-08 17:28:05,545 [Worker-116: Building] INFO  o.e.m.c.i.e.AbstractTransferListenerAdapter - Downloading https://repo.maven.apache.org/maven2/jakarta/servlet/jakarta.servlet-api/5.0.0/jakarta.servlet-api-5.0.0.pom
2024-10-08 17:28:05,551 [Worker-116: Building] INFO  o.e.m.c.i.e.AbstractTransferListenerAdapter - Downloaded https://repo.maven.apache.org/maven2/jakarta/servlet/jakarta.servlet-api/5.0.0/jakarta.servlet-api-5.0.0.pom
2024-10-08 17:28:05,569 [Worker-116: Building] INFO  o.e.m.c.i.e.AbstractTransferListenerAdapter - Downloading https://repo.maven.apache.org/maven2/jakarta/el/jakarta.el-api/4.0.0/jakarta.el-api-4.0.0.pom
2024-10-08 17:28:05,573 [Worker-116: Building] INFO  o.e.m.c.i.e.AbstractTransferListenerAdapter - Downloaded https://repo.maven.apache.org/maven2/jakarta/el/jakarta.el-api/4.0.0/jakarta.el-api-4.0.0.pom
2024-10-08 17:28:05,591 [Worker-116: Building] INFO  o.e.m.c.i.e.AbstractTransferListenerAdapter - Downloading https://repo.maven.apache.org/maven2/jakarta/xml/bind/jakarta.xml.bind-api/3.0.0/jakarta.xml.bind-api-3.0.0.pom
2024-10-08 17:28:05,596 [Worker-116: Building] INFO  o.e.m.c.i.e.AbstractTransferListenerAdapter - Downloaded https://repo.maven.apache.org/maven2/jakarta/xml/bind/jakarta.xml.bind-api/3.0.0/jakarta.xml.bind-api-3.0.0.pom
2024-10-08 17:28:05,629 [Worker-116: Building] INFO  o.e.m.c.i.e.AbstractTransferListenerAdapter - Downloading https://repo.maven.apache.org/maven2/jakarta/xml/bind/jakarta.xml.bind-api-parent/3.0.0/jakarta.xml.bind-api-parent-3.0.0.pom
2024-10-08 17:28:05,634 [Worker-116: Building] INFO  o.e.m.c.i.e.AbstractTransferListenerAdapter - Downloaded https://repo.maven.apache.org/maven2/jakarta/xml/bind/jakarta.xml.bind-api-parent/3.0.0/jakarta.xml.bind-api-parent-3.0.0.pom
2024-10-08 17:28:05,651 [Worker-116: Building] INFO  o.e.m.c.i.e.AbstractTransferListenerAdapter - Downloading https://repo.maven.apache.org/maven2/com/sun/activation/jakarta.activation/2.0.0/jakarta.activation-2.0.0.pom
2024-10-08 17:28:05,655 [Worker-116: Building] INFO  o.e.m.c.i.e.AbstractTransferListenerAdapter - Downloaded https://repo.maven.apache.org/maven2/com/sun/activation/jakarta.activation/2.0.0/jakarta.activation-2.0.0.pom
2024-10-08 17:28:05,670 [Worker-116: Building] INFO  o.e.m.c.i.e.AbstractTransferListenerAdapter - Downloading https://repo.maven.apache.org/maven2/com/sun/activation/all/2.0.0/all-2.0.0.pom
2024-10-08 17:28:05,675 [Worker-116: Building] INFO  o.e.m.c.i.e.AbstractTransferListenerAdapter - Downloaded https://repo.maven.apache.org/maven2/com/sun/activation/all/2.0.0/all-2.0.0.pom
2024-10-08 17:28:05,695 [Worker-116: Building] INFO  o.e.m.c.i.e.AbstractTransferListenerAdapter - Downloading https://repo.maven.apache.org/maven2/org/glassfish/web/jakarta.servlet.jsp.jstl/2.0.0/jakarta.servlet.jsp.jstl-2.0.0.jar
2024-10-08 17:28:05,777 [Worker-116: Building] INFO  o.e.m.c.i.e.AbstractTransferListenerAdapter - Downloaded https://repo.maven.apache.org/maven2/org/glassfish/web/jakarta.servlet.jsp.jstl/2.0.0/jakarta.servlet.jsp.jstl-2.0.0.jar
2024-10-08 17:28:05,787 [BasicRepositoryConnector-repo.maven.apache.org-0-1] INFO  o.e.m.c.i.e.AbstractTransferListenerAdapter - Downloading https://repo.maven.apache.org/maven2/jakarta/servlet/jakarta.servlet-api/5.0.0/jakarta.servlet-api-5.0.0.jar
2024-10-08 17:28:05,798 [BasicRepositoryConnector-repo.maven.apache.org-0-1] INFO  o.e.m.c.i.e.AbstractTransferListenerAdapter - Downloaded https://repo.maven.apache.org/maven2/jakarta/servlet/jakarta.servlet-api/5.0.0/jakarta.servlet-api-5.0.0.jar
2024-10-08 17:28:05,805 [BasicRepositoryConnector-repo.maven.apache.org-0-4] INFO  o.e.m.c.i.e.AbstractTransferListenerAdapter - Downloading https://repo.maven.apache.org/maven2/com/sun/activation/jakarta.activation/2.0.0/jakarta.activation-2.0.0.jar
2024-10-08 17:28:05,805 [BasicRepositoryConnector-repo.maven.apache.org-0-3] INFO  o.e.m.c.i.e.AbstractTransferListenerAdapter - Downloading https://repo.maven.apache.org/maven2/jakarta/xml/bind/jakarta.xml.bind-api/3.0.0/jakarta.xml.bind-api-3.0.0.jar
2024-10-08 17:28:05,810 [BasicRepositoryConnector-repo.maven.apache.org-0-0] INFO  o.e.m.c.i.e.AbstractTransferListenerAdapter - Downloading https://repo.maven.apache.org/maven2/jakarta/servlet/jsp/jstl/jakarta.servlet.jsp.jstl-api/2.0.0/jakarta.servlet.jsp.jstl-api-2.0.0.jar
2024-10-08 17:28:05,810 [BasicRepositoryConnector-repo.maven.apache.org-0-2] INFO  o.e.m.c.i.e.AbstractTransferListenerAdapter - Downloading https://repo.maven.apache.org/maven2/jakarta/el/jakarta.el-api/4.0.0/jakarta.el-api-4.0.0.jar
2024-10-08 17:28:05,816 [BasicRepositoryConnector-repo.maven.apache.org-0-4] INFO  o.e.m.c.i.e.AbstractTransferListenerAdapter - Downloaded https://repo.maven.apache.org/maven2/com/sun/activation/jakarta.activation/2.0.0/jakarta.activation-2.0.0.jar
2024-10-08 17:28:05,820 [BasicRepositoryConnector-repo.maven.apache.org-0-0] INFO  o.e.m.c.i.e.AbstractTransferListenerAdapter - Downloaded https://repo.maven.apache.org/maven2/jakarta/servlet/jsp/jstl/jakarta.servlet.jsp.jstl-api/2.0.0/jakarta.servlet.jsp.jstl-api-2.0.0.jar
2024-10-08 17:28:05,824 [BasicRepositoryConnector-repo.maven.apache.org-0-2] INFO  o.e.m.c.i.e.AbstractTransferListenerAdapter - Downloaded https://repo.maven.apache.org/maven2/jakarta/el/jakarta.el-api/4.0.0/jakarta.el-api-4.0.0.jar
2024-10-08 17:28:05,824 [BasicRepositoryConnector-repo.maven.apache.org-0-3] INFO  o.e.m.c.i.e.AbstractTransferListenerAdapter - Downloaded https://repo.maven.apache.org/maven2/jakarta/xml/bind/jakarta.xml.bind-api/3.0.0/jakarta.xml.bind-api-3.0.0.jar
2024-10-08 17:28:06,332 [Worker-116: Building] WARN  o.a.m.s.f.DefaultMavenResourcesFiltering - Using platform encoding (MS949 actually) to copy filtered resources, i.e. build is platform dependent!
2024-10-08 17:28:06,333 [Worker-116: Building] INFO  o.a.m.s.f.DefaultMavenResourcesFiltering - skip non existing resourceDirectory C:\Users\wogns\OneDrive\바탕 화면\깃허브 레포지토리\swaPractice\Myworkspace\swa01\src\main\resources
2024-10-08 17:28:06,336 [Worker-116: Building] WARN  o.a.m.s.f.DefaultMavenResourcesFiltering - Using platform encoding (MS949 actually) to copy filtered resources, i.e. build is platform dependent!
2024-10-08 17:28:06,337 [Worker-116: Building] INFO  o.a.m.s.f.DefaultMavenResourcesFiltering - skip non existing resourceDirectory C:\Users\wogns\OneDrive\바탕 화면\깃허브 레포지토리\swaPractice\Myworkspace\swa01\src\test\resources
2024-10-08 17:28:06,338 [Worker-116: Building] INFO  o.e.m.w.i.f.ResourceFilteringBuildParticipant - Changed resources require a complete clean of filtered resources of swa01
2024-10-08 17:28:06,338 [Worker-116: Building] INFO  o.e.m.w.i.f.ResourceFilteringBuildParticipant - Executing resource filtering for swa01
2024-10-08 17:28:07,232 [Worker-131: Download sources and javadoc] INFO  o.e.m.c.i.e.AbstractTransferListenerAdapter - Downloading https://repo.maven.apache.org/maven2/org/glassfish/web/jakarta.servlet.jsp.jstl/2.0.0/jakarta.servlet.jsp.jstl-2.0.0-sources.jar
2024-10-08 17:28:07,260 [Worker-131: Download sources and javadoc] INFO  o.e.m.c.i.e.AbstractTransferListenerAdapter - Downloaded https://repo.maven.apache.org/maven2/org/glassfish/web/jakarta.servlet.jsp.jstl/2.0.0/jakarta.servlet.jsp.jstl-2.0.0-sources.jar
2024-10-08 17:28:07,267 [Worker-131: Download sources and javadoc] INFO  o.e.m.j.internal.DownloadSourcesJob - Downloaded sources for org.glassfish.web:jakarta.servlet.jsp.jstl:2.0.0
2024-10-08 17:28:07,295 [Worker-131: Download sources and javadoc] INFO  o.e.m.c.i.e.AbstractTransferListenerAdapter - Downloading https://repo.maven.apache.org/maven2/jakarta/servlet/jsp/jstl/jakarta.servlet.jsp.jstl-api/2.0.0/jakarta.servlet.jsp.jstl-api-2.0.0-sources.jar
2024-10-08 17:28:07,309 [Worker-131: Download sources and javadoc] INFO  o.e.m.c.i.e.AbstractTransferListenerAdapter - Downloaded https://repo.maven.apache.org/maven2/jakarta/servlet/jsp/jstl/jakarta.servlet.jsp.jstl-api/2.0.0/jakarta.servlet.jsp.jstl-api-2.0.0-sources.jar
2024-10-08 17:28:07,315 [Worker-131: Download sources and javadoc] INFO  o.e.m.j.internal.DownloadSourcesJob - Downloaded sources for jakarta.servlet.jsp.jstl:jakarta.servlet.jsp.jstl-api:2.0.0
2024-10-08 17:28:07,344 [Worker-131: Download sources and javadoc] INFO  o.e.m.c.i.e.AbstractTransferListenerAdapter - Downloading https://repo.maven.apache.org/maven2/jakarta/servlet/jakarta.servlet-api/5.0.0/jakarta.servlet-api-5.0.0-sources.jar
2024-10-08 17:28:07,377 [Worker-131: Download sources and javadoc] INFO  o.e.m.c.i.e.AbstractTransferListenerAdapter - Downloaded https://repo.maven.apache.org/maven2/jakarta/servlet/jakarta.servlet-api/5.0.0/jakarta.servlet-api-5.0.0-sources.jar
2024-10-08 17:28:07,384 [Worker-131: Download sources and javadoc] INFO  o.e.m.j.internal.DownloadSourcesJob - Downloaded sources for jakarta.servlet:jakarta.servlet-api:5.0.0
2024-10-08 17:28:07,419 [Worker-131: Download sources and javadoc] INFO  o.e.m.c.i.e.AbstractTransferListenerAdapter - Downloading https://repo.maven.apache.org/maven2/jakarta/el/jakarta.el-api/4.0.0/jakarta.el-api-4.0.0-sources.jar
2024-10-08 17:28:07,438 [Worker-131: Download sources and javadoc] INFO  o.e.m.c.i.e.AbstractTransferListenerAdapter - Downloaded https://repo.maven.apache.org/maven2/jakarta/el/jakarta.el-api/4.0.0/jakarta.el-api-4.0.0-sources.jar
2024-10-08 17:28:07,446 [Worker-131: Download sources and javadoc] INFO  o.e.m.j.internal.DownloadSourcesJob - Downloaded sources for jakarta.el:jakarta.el-api:4.0.0
2024-10-08 17:28:07,478 [Worker-131: Download sources and javadoc] INFO  o.e.m.c.i.e.AbstractTransferListenerAdapter - Downloading https://repo.maven.apache.org/maven2/jakarta/xml/bind/jakarta.xml.bind-api/3.0.0/jakarta.xml.bind-api-3.0.0-sources.jar
2024-10-08 17:28:07,501 [Worker-131: Download sources and javadoc] INFO  o.e.m.c.i.e.AbstractTransferListenerAdapter - Downloaded https://repo.maven.apache.org/maven2/jakarta/xml/bind/jakarta.xml.bind-api/3.0.0/jakarta.xml.bind-api-3.0.0-sources.jar
2024-10-08 17:28:07,509 [Worker-131: Download sources and javadoc] INFO  o.e.m.j.internal.DownloadSourcesJob - Downloaded sources for jakarta.xml.bind:jakarta.xml.bind-api:3.0.0
2024-10-08 17:28:07,543 [Worker-131: Download sources and javadoc] INFO  o.e.m.c.i.e.AbstractTransferListenerAdapter - Downloading https://repo.maven.apache.org/maven2/com/sun/activation/jakarta.activation/2.0.0/jakarta.activation-2.0.0-sources.jar
2024-10-08 17:28:07,557 [Worker-131: Download sources and javadoc] INFO  o.e.m.c.i.e.AbstractTransferListenerAdapter - Downloaded https://repo.maven.apache.org/maven2/com/sun/activation/jakarta.activation/2.0.0/jakarta.activation-2.0.0-sources.jar
2024-10-08 17:28:07,564 [Worker-131: Download sources and javadoc] INFO  o.e.m.j.internal.DownloadSourcesJob - Downloaded sources for com.sun.activation:jakarta.activation:2.0.0
2024-10-08 17:53:03,429 [Worker-133: Building] WARN  o.a.m.s.f.DefaultMavenResourcesFiltering - Using platform encoding (MS949 actually) to copy filtered resources, i.e. build is platform dependent!
2024-10-08 17:53:03,430 [Worker-133: Building] INFO  o.a.m.s.f.DefaultMavenResourcesFiltering - skip non existing resourceDirectory C:\Users\wogns\OneDrive\바탕 화면\깃허브 레포지토리\swaPractice\Myworkspace\swa01\src\main\resources
2024-10-08 17:53:03,432 [Worker-133: Building] WARN  o.a.m.s.f.DefaultMavenResourcesFiltering - Using platform encoding (MS949 actually) to copy filtered resources, i.e. build is platform dependent!
2024-10-08 17:53:03,433 [Worker-133: Building] INFO  o.a.m.s.f.DefaultMavenResourcesFiltering - skip non existing resourceDirectory C:\Users\wogns\OneDrive\바탕 화면\깃허브 레포지토리\swaPractice\Myworkspace\swa01\src\test\resources
2024-10-08 17:54:00,505 [Worker-135: Building] WARN  o.a.m.s.f.DefaultMavenResourcesFiltering - Using platform encoding (MS949 actually) to copy filtered resources, i.e. build is platform dependent!
2024-10-08 17:54:00,507 [Worker-135: Building] INFO  o.a.m.s.f.DefaultMavenResourcesFiltering - skip non existing resourceDirectory C:\Users\wogns\OneDrive\바탕 화면\깃허브 레포지토리\swaPractice\Myworkspace\swa01\src\main\resources
2024-10-08 17:54:00,510 [Worker-135: Building] WARN  o.a.m.s.f.DefaultMavenResourcesFiltering - Using platform encoding (MS949 actually) to copy filtered resources, i.e. build is platform dependent!
2024-10-08 17:54:00,511 [Worker-135: Building] INFO  o.a.m.s.f.DefaultMavenResourcesFiltering - skip non existing resourceDirectory C:\Users\wogns\OneDrive\바탕 화면\깃허브 레포지토리\swaPractice\Myworkspace\swa01\src\test\resources
2024-10-08 17:55:44,545 [Worker-136: Building Workspace] WARN  o.a.m.s.f.DefaultMavenResourcesFiltering - Using platform encoding (MS949 actually) to copy filtered resources, i.e. build is platform dependent!
2024-10-08 17:55:44,547 [Worker-136: Building Workspace] INFO  o.a.m.s.f.DefaultMavenResourcesFiltering - skip non existing resourceDirectory C:\Users\wogns\OneDrive\바탕 화면\깃허브 레포지토리\swaPractice\Myworkspace\swa01\src\main\resources
2024-10-08 17:55:44,549 [Worker-136: Building Workspace] WARN  o.a.m.s.f.DefaultMavenResourcesFiltering - Using platform encoding (MS949 actually) to copy filtered resources, i.e. build is platform dependent!
2024-10-08 17:55:44,551 [Worker-136: Building Workspace] INFO  o.a.m.s.f.DefaultMavenResourcesFiltering - skip non existing resourceDirectory C:\Users\wogns\OneDrive\바탕 화면\깃허브 레포지토리\swaPractice\Myworkspace\swa01\src\test\resources
2024-10-08 17:57:13,868 [Worker-133: Building] WARN  o.a.m.s.f.DefaultMavenResourcesFiltering - Using platform encoding (MS949 actually) to copy filtered resources, i.e. build is platform dependent!
2024-10-08 17:57:13,870 [Worker-133: Building] INFO  o.a.m.s.f.DefaultMavenResourcesFiltering - skip non existing resourceDirectory C:\Users\wogns\OneDrive\바탕 화면\깃허브 레포지토리\swaPractice\Myworkspace\swa01\src\main\resources
2024-10-08 17:57:13,874 [Worker-133: Building] WARN  o.a.m.s.f.DefaultMavenResourcesFiltering - Using platform encoding (MS949 actually) to copy filtered resources, i.e. build is platform dependent!
2024-10-08 17:57:13,875 [Worker-133: Building] INFO  o.a.m.s.f.DefaultMavenResourcesFiltering - skip non existing resourceDirectory C:\Users\wogns\OneDrive\바탕 화면\깃허브 레포지토리\swaPractice\Myworkspace\swa01\src\test\resources
2024-10-08 17:59:22,477 [Worker-138: Building] WARN  o.a.m.s.f.DefaultMavenResourcesFiltering - Using platform encoding (MS949 actually) to copy filtered resources, i.e. build is platform dependent!
2024-10-08 17:59:22,478 [Worker-138: Building] INFO  o.a.m.s.f.DefaultMavenResourcesFiltering - skip non existing resourceDirectory C:\Users\wogns\OneDrive\바탕 화면\깃허브 레포지토리\swaPractice\Myworkspace\swa01\src\main\resources
2024-10-08 17:59:22,480 [Worker-138: Building] WARN  o.a.m.s.f.DefaultMavenResourcesFiltering - Using platform encoding (MS949 actually) to copy filtered resources, i.e. build is platform dependent!
2024-10-08 17:59:22,482 [Worker-138: Building] INFO  o.a.m.s.f.DefaultMavenResourcesFiltering - skip non existing resourceDirectory C:\Users\wogns\OneDrive\바탕 화면\깃허브 레포지토리\swaPractice\Myworkspace\swa01\src\test\resources
2024-10-08 18:02:00,043 [Worker-139: Building] WARN  o.a.m.s.f.DefaultMavenResourcesFiltering - Using platform encoding (MS949 actually) to copy filtered resources, i.e. build is platform dependent!
2024-10-08 18:02:00,044 [Worker-139: Building] INFO  o.a.m.s.f.DefaultMavenResourcesFiltering - skip non existing resourceDirectory C:\Users\wogns\OneDrive\바탕 화면\깃허브 레포지토리\swaPractice\Myworkspace\swa01\src\main\resources
2024-10-08 18:02:00,046 [Worker-139: Building] WARN  o.a.m.s.f.DefaultMavenResourcesFiltering - Using platform encoding (MS949 actually) to copy filtered resources, i.e. build is platform dependent!
2024-10-08 18:02:00,047 [Worker-139: Building] INFO  o.a.m.s.f.DefaultMavenResourcesFiltering - skip non existing resourceDirectory C:\Users\wogns\OneDrive\바탕 화면\깃허브 레포지토리\swaPractice\Myworkspace\swa01\src\test\resources
2024-10-08 18:08:54,464 [Worker-143: Building] WARN  o.a.m.s.f.DefaultMavenResourcesFiltering - Using platform encoding (MS949 actually) to copy filtered resources, i.e. build is platform dependent!
2024-10-08 18:08:54,467 [Worker-143: Building] INFO  o.a.m.s.f.DefaultMavenResourcesFiltering - skip non existing resourceDirectory C:\Users\wogns\OneDrive\바탕 화면\깃허브 레포지토리\swaPractice\Myworkspace\swa01\src\main\resources
2024-10-08 18:08:54,470 [Worker-143: Building] WARN  o.a.m.s.f.DefaultMavenResourcesFiltering - Using platform encoding (MS949 actually) to copy filtered resources, i.e. build is platform dependent!
2024-10-08 18:08:54,472 [Worker-143: Building] INFO  o.a.m.s.f.DefaultMavenResourcesFiltering - skip non existing resourceDirectory C:\Users\wogns\OneDrive\바탕 화면\깃허브 레포지토리\swaPractice\Myworkspace\swa01\src\test\resources
2024-10-08 18:10:02,142 [Worker-138: Building] WARN  o.a.m.s.f.DefaultMavenResourcesFiltering - Using platform encoding (MS949 actually) to copy filtered resources, i.e. build is platform dependent!
2024-10-08 18:10:02,144 [Worker-138: Building] INFO  o.a.m.s.f.DefaultMavenResourcesFiltering - skip non existing resourceDirectory C:\Users\wogns\OneDrive\바탕 화면\깃허브 레포지토리\swaPractice\Myworkspace\swa01\src\main\resources
2024-10-08 18:10:02,148 [Worker-138: Building] WARN  o.a.m.s.f.DefaultMavenResourcesFiltering - Using platform encoding (MS949 actually) to copy filtered resources, i.e. build is platform dependent!
2024-10-08 18:10:02,149 [Worker-138: Building] INFO  o.a.m.s.f.DefaultMavenResourcesFiltering - skip non existing resourceDirectory C:\Users\wogns\OneDrive\바탕 화면\깃허브 레포지토리\swaPractice\Myworkspace\swa01\src\test\resources
2024-10-08 18:11:01,627 [Worker-144: Building] WARN  o.a.m.s.f.DefaultMavenResourcesFiltering - Using platform encoding (MS949 actually) to copy filtered resources, i.e. build is platform dependent!
2024-10-08 18:11:01,631 [Worker-144: Building] INFO  o.a.m.s.f.DefaultMavenResourcesFiltering - skip non existing resourceDirectory C:\Users\wogns\OneDrive\바탕 화면\깃허브 레포지토리\swaPractice\Myworkspace\swa01\src\main\resources
2024-10-08 18:11:01,633 [Worker-144: Building] WARN  o.a.m.s.f.DefaultMavenResourcesFiltering - Using platform encoding (MS949 actually) to copy filtered resources, i.e. build is platform dependent!
2024-10-08 18:11:01,634 [Worker-144: Building] INFO  o.a.m.s.f.DefaultMavenResourcesFiltering - skip non existing resourceDirectory C:\Users\wogns\OneDrive\바탕 화면\깃허브 레포지토리\swaPractice\Myworkspace\swa01\src\test\resources
2024-10-08 18:19:29,703 [Worker-146: Building] WARN  o.a.m.s.f.DefaultMavenResourcesFiltering - Using platform encoding (MS949 actually) to copy filtered resources, i.e. build is platform dependent!
2024-10-08 18:19:29,705 [Worker-146: Building] INFO  o.a.m.s.f.DefaultMavenResourcesFiltering - skip non existing resourceDirectory C:\Users\wogns\OneDrive\바탕 화면\깃허브 레포지토리\swaPractice\Myworkspace\swa01\src\main\resources
2024-10-08 18:19:29,707 [Worker-146: Building] WARN  o.a.m.s.f.DefaultMavenResourcesFiltering - Using platform encoding (MS949 actually) to copy filtered resources, i.e. build is platform dependent!
2024-10-08 18:19:29,710 [Worker-146: Building] INFO  o.a.m.s.f.DefaultMavenResourcesFiltering - skip non existing resourceDirectory C:\Users\wogns\OneDrive\바탕 화면\깃허브 레포지토리\swaPractice\Myworkspace\swa01\src\test\resources
2024-10-08 18:46:39,483 [Worker-155: Building] WARN  o.a.m.s.f.DefaultMavenResourcesFiltering - Using platform encoding (MS949 actually) to copy filtered resources, i.e. build is platform dependent!
2024-10-08 18:46:39,486 [Worker-155: Building] INFO  o.a.m.s.f.DefaultMavenResourcesFiltering - skip non existing resourceDirectory C:\Users\wogns\OneDrive\바탕 화면\깃허브 레포지토리\swaPractice\Myworkspace\swa01\src\main\resources
2024-10-08 18:46:39,488 [Worker-155: Building] WARN  o.a.m.s.f.DefaultMavenResourcesFiltering - Using platform encoding (MS949 actually) to copy filtered resources, i.e. build is platform dependent!
2024-10-08 18:46:39,491 [Worker-155: Building] INFO  o.a.m.s.f.DefaultMavenResourcesFiltering - skip non existing resourceDirectory C:\Users\wogns\OneDrive\바탕 화면\깃허브 레포지토리\swaPractice\Myworkspace\swa01\src\test\resources
2024-10-08 18:51:59,590 [Worker-156: Building] WARN  o.a.m.s.f.DefaultMavenResourcesFiltering - Using platform encoding (MS949 actually) to copy filtered resources, i.e. build is platform dependent!
2024-10-08 18:51:59,591 [Worker-156: Building] INFO  o.a.m.s.f.DefaultMavenResourcesFiltering - skip non existing resourceDirectory C:\Users\wogns\OneDrive\바탕 화면\깃허브 레포지토리\swaPractice\Myworkspace\swa01\src\main\resources
2024-10-08 18:51:59,593 [Worker-156: Building] WARN  o.a.m.s.f.DefaultMavenResourcesFiltering - Using platform encoding (MS949 actually) to copy filtered resources, i.e. build is platform dependent!
2024-10-08 18:51:59,595 [Worker-156: Building] INFO  o.a.m.s.f.DefaultMavenResourcesFiltering - skip non existing resourceDirectory C:\Users\wogns\OneDrive\바탕 화면\깃허브 레포지토리\swaPractice\Myworkspace\swa01\src\test\resources
2024-10-08 22:53:28,982 [Worker-182: Building] WARN  o.a.m.s.f.DefaultMavenResourcesFiltering - Using platform encoding (MS949 actually) to copy filtered resources, i.e. build is platform dependent!
2024-10-08 22:53:28,985 [Worker-182: Building] INFO  o.a.m.s.f.DefaultMavenResourcesFiltering - skip non existing resourceDirectory C:\Users\wogns\OneDrive\바탕 화면\깃허브 레포지토리\swaPractice\Myworkspace\swa01\src\main\resources
2024-10-08 22:53:28,988 [Worker-182: Building] WARN  o.a.m.s.f.DefaultMavenResourcesFiltering - Using platform encoding (MS949 actually) to copy filtered resources, i.e. build is platform dependent!
2024-10-08 22:53:28,988 [Worker-182: Building] INFO  o.a.m.s.f.DefaultMavenResourcesFiltering - skip non existing resourceDirectory C:\Users\wogns\OneDrive\바탕 화면\깃허브 레포지토리\swaPractice\Myworkspace\swa01\src\test\resources
2024-10-08 22:53:54,680 [Worker-184: Building] WARN  o.a.m.s.f.DefaultMavenResourcesFiltering - Using platform encoding (MS949 actually) to copy filtered resources, i.e. build is platform dependent!
2024-10-08 22:53:54,682 [Worker-184: Building] INFO  o.a.m.s.f.DefaultMavenResourcesFiltering - skip non existing resourceDirectory C:\Users\wogns\OneDrive\바탕 화면\깃허브 레포지토리\swaPractice\Myworkspace\swa01\src\main\resources
2024-10-08 22:53:54,684 [Worker-184: Building] WARN  o.a.m.s.f.DefaultMavenResourcesFiltering - Using platform encoding (MS949 actually) to copy filtered resources, i.e. build is platform dependent!
2024-10-08 22:53:54,685 [Worker-184: Building] INFO  o.a.m.s.f.DefaultMavenResourcesFiltering - skip non existing resourceDirectory C:\Users\wogns\OneDrive\바탕 화면\깃허브 레포지토리\swaPractice\Myworkspace\swa01\src\test\resources
2024-10-08 22:54:27,488 [Worker-180: Building] WARN  o.a.m.s.f.DefaultMavenResourcesFiltering - Using platform encoding (MS949 actually) to copy filtered resources, i.e. build is platform dependent!
2024-10-08 22:54:27,490 [Worker-180: Building] INFO  o.a.m.s.f.DefaultMavenResourcesFiltering - skip non existing resourceDirectory C:\Users\wogns\OneDrive\바탕 화면\깃허브 레포지토리\swaPractice\Myworkspace\swa01\src\main\resources
2024-10-08 22:54:27,493 [Worker-180: Building] WARN  o.a.m.s.f.DefaultMavenResourcesFiltering - Using platform encoding (MS949 actually) to copy filtered resources, i.e. build is platform dependent!
2024-10-08 22:54:27,494 [Worker-180: Building] INFO  o.a.m.s.f.DefaultMavenResourcesFiltering - skip non existing resourceDirectory C:\Users\wogns\OneDrive\바탕 화면\깃허브 레포지토리\swaPractice\Myworkspace\swa01\src\test\resources
2024-10-08 23:08:06,463 [Worker-186: Building] INFO  o.e.m.c.i.l.LifecycleMappingFactory - Using org.maven.ide.eclipse.wtp.WarLifecycleMapping lifecycle mapping for MavenProject: swa01:swa01:0.0.1-SNAPSHOT @ C:\Users\wogns\OneDrive\바탕 화면\깃허브 레포지토리\swaPractice\Myworkspace\swa01\pom.xml.
2024-10-08 23:08:08,223 [Worker-186: Building] WARN  o.a.m.s.f.DefaultMavenResourcesFiltering - Using platform encoding (MS949 actually) to copy filtered resources, i.e. build is platform dependent!
2024-10-08 23:08:08,224 [Worker-186: Building] INFO  o.a.m.s.f.DefaultMavenResourcesFiltering - skip non existing resourceDirectory C:\Users\wogns\OneDrive\바탕 화면\깃허브 레포지토리\swaPractice\Myworkspace\swa01\src\main\resources
2024-10-08 23:08:08,226 [Worker-186: Building] WARN  o.a.m.s.f.DefaultMavenResourcesFiltering - Using platform encoding (MS949 actually) to copy filtered resources, i.e. build is platform dependent!
2024-10-08 23:08:08,227 [Worker-186: Building] INFO  o.a.m.s.f.DefaultMavenResourcesFiltering - skip non existing resourceDirectory C:\Users\wogns\OneDrive\바탕 화면\깃허브 레포지토리\swaPractice\Myworkspace\swa01\src\test\resources
2024-10-08 23:08:08,228 [Worker-186: Building] INFO  o.e.m.w.i.f.ResourceFilteringBuildParticipant - Changed resources require a complete clean of filtered resources of swa01
2024-10-08 23:08:08,228 [Worker-186: Building] INFO  o.e.m.w.i.f.ResourceFilteringBuildParticipant - Executing resource filtering for swa01
2024-10-08 23:08:52,729 [Worker-187: Building] WARN  o.a.m.s.f.DefaultMavenResourcesFiltering - Using platform encoding (MS949 actually) to copy filtered resources, i.e. build is platform dependent!
2024-10-08 23:08:52,730 [Worker-187: Building] INFO  o.a.m.s.f.DefaultMavenResourcesFiltering - skip non existing resourceDirectory C:\Users\wogns\OneDrive\바탕 화면\깃허브 레포지토리\swaPractice\Myworkspace\swa01\src\main\resources
2024-10-08 23:08:52,732 [Worker-187: Building] WARN  o.a.m.s.f.DefaultMavenResourcesFiltering - Using platform encoding (MS949 actually) to copy filtered resources, i.e. build is platform dependent!
2024-10-08 23:08:52,734 [Worker-187: Building] INFO  o.a.m.s.f.DefaultMavenResourcesFiltering - skip non existing resourceDirectory C:\Users\wogns\OneDrive\바탕 화면\깃허브 레포지토리\swaPractice\Myworkspace\swa01\src\test\resources
2024-10-08 23:09:57,684 [Worker-185: Building] WARN  o.a.m.s.f.DefaultMavenResourcesFiltering - Using platform encoding (MS949 actually) to copy filtered resources, i.e. build is platform dependent!
2024-10-08 23:09:57,685 [Worker-185: Building] INFO  o.a.m.s.f.DefaultMavenResourcesFiltering - skip non existing resourceDirectory C:\Users\wogns\OneDrive\바탕 화면\깃허브 레포지토리\swaPractice\Myworkspace\swa01\src\main\resources
2024-10-08 23:09:57,688 [Worker-185: Building] WARN  o.a.m.s.f.DefaultMavenResourcesFiltering - Using platform encoding (MS949 actually) to copy filtered resources, i.e. build is platform dependent!
2024-10-08 23:09:57,690 [Worker-185: Building] INFO  o.a.m.s.f.DefaultMavenResourcesFiltering - skip non existing resourceDirectory C:\Users\wogns\OneDrive\바탕 화면\깃허브 레포지토리\swaPractice\Myworkspace\swa01\src\test\resources
2024-10-08 23:10:56,166 [Worker-188: Building] WARN  o.a.m.s.f.DefaultMavenResourcesFiltering - Using platform encoding (MS949 actually) to copy filtered resources, i.e. build is platform dependent!
2024-10-08 23:10:56,167 [Worker-188: Building] INFO  o.a.m.s.f.DefaultMavenResourcesFiltering - skip non existing resourceDirectory C:\Users\wogns\OneDrive\바탕 화면\깃허브 레포지토리\swaPractice\Myworkspace\swa01\src\main\resources
2024-10-08 23:10:56,170 [Worker-188: Building] WARN  o.a.m.s.f.DefaultMavenResourcesFiltering - Using platform encoding (MS949 actually) to copy filtered resources, i.e. build is platform dependent!
2024-10-08 23:10:56,171 [Worker-188: Building] INFO  o.a.m.s.f.DefaultMavenResourcesFiltering - skip non existing resourceDirectory C:\Users\wogns\OneDrive\바탕 화면\깃허브 레포지토리\swaPractice\Myworkspace\swa01\src\test\resources
2024-10-08 23:13:06,809 [Worker-189: Building] INFO  o.e.m.c.i.l.LifecycleMappingFactory - Using org.maven.ide.eclipse.wtp.WarLifecycleMapping lifecycle mapping for MavenProject: swa01:swa01:0.0.1-SNAPSHOT @ C:\Users\wogns\OneDrive\바탕 화면\깃허브 레포지토리\swaPractice\Myworkspace\swa01\pom.xml.
2024-10-08 23:13:06,866 [Worker-189: Building] INFO  o.e.m.c.i.e.AbstractTransferListenerAdapter - Downloading https://repo.maven.apache.org/maven2/commons-beanutils/commons-beanutils/1.9.4/commons-beanutils-1.9.4.pom
2024-10-08 23:13:06,870 [Worker-189: Building] INFO  o.e.m.c.i.e.AbstractTransferListenerAdapter - Downloaded https://repo.maven.apache.org/maven2/commons-beanutils/commons-beanutils/1.9.4/commons-beanutils-1.9.4.pom
2024-10-08 23:13:06,913 [Worker-189: Building] INFO  o.e.m.c.i.e.AbstractTransferListenerAdapter - Downloading https://repo.maven.apache.org/maven2/commons-beanutils/commons-beanutils/1.9.4/commons-beanutils-1.9.4.jar
2024-10-08 23:13:06,938 [Worker-189: Building] INFO  o.e.m.c.i.e.AbstractTransferListenerAdapter - Downloaded https://repo.maven.apache.org/maven2/commons-beanutils/commons-beanutils/1.9.4/commons-beanutils-1.9.4.jar
2024-10-08 23:13:06,945 [BasicRepositoryConnector-repo.maven.apache.org-1-0] INFO  o.e.m.c.i.e.AbstractTransferListenerAdapter - Downloading https://repo.maven.apache.org/maven2/commons-logging/commons-logging/1.2/commons-logging-1.2.jar
2024-10-08 23:13:06,954 [BasicRepositoryConnector-repo.maven.apache.org-1-0] INFO  o.e.m.c.i.e.AbstractTransferListenerAdapter - Downloaded https://repo.maven.apache.org/maven2/commons-logging/commons-logging/1.2/commons-logging-1.2.jar
2024-10-08 23:13:07,401 [Worker-189: Building] WARN  o.a.m.s.f.DefaultMavenResourcesFiltering - Using platform encoding (MS949 actually) to copy filtered resources, i.e. build is platform dependent!
2024-10-08 23:13:07,402 [Worker-189: Building] INFO  o.a.m.s.f.DefaultMavenResourcesFiltering - skip non existing resourceDirectory C:\Users\wogns\OneDrive\바탕 화면\깃허브 레포지토리\swaPractice\Myworkspace\swa01\src\main\resources
2024-10-08 23:13:07,406 [Worker-189: Building] WARN  o.a.m.s.f.DefaultMavenResourcesFiltering - Using platform encoding (MS949 actually) to copy filtered resources, i.e. build is platform dependent!
2024-10-08 23:13:07,407 [Worker-189: Building] INFO  o.a.m.s.f.DefaultMavenResourcesFiltering - skip non existing resourceDirectory C:\Users\wogns\OneDrive\바탕 화면\깃허브 레포지토리\swaPractice\Myworkspace\swa01\src\test\resources
2024-10-08 23:13:07,408 [Worker-189: Building] INFO  o.e.m.w.i.f.ResourceFilteringBuildParticipant - Changed resources require a complete clean of filtered resources of swa01
2024-10-08 23:13:07,408 [Worker-189: Building] INFO  o.e.m.w.i.f.ResourceFilteringBuildParticipant - Executing resource filtering for swa01
2024-10-08 23:13:08,342 [Worker-189: Download sources and javadoc] INFO  o.e.m.c.i.e.AbstractTransferListenerAdapter - Downloading https://repo.maven.apache.org/maven2/commons-beanutils/commons-beanutils/1.9.4/commons-beanutils-1.9.4-sources.jar
2024-10-08 23:13:08,375 [Worker-189: Download sources and javadoc] INFO  o.e.m.c.i.e.AbstractTransferListenerAdapter - Downloaded https://repo.maven.apache.org/maven2/commons-beanutils/commons-beanutils/1.9.4/commons-beanutils-1.9.4-sources.jar
2024-10-08 23:13:08,381 [Worker-189: Download sources and javadoc] INFO  o.e.m.j.internal.DownloadSourcesJob - Downloaded sources for commons-beanutils:commons-beanutils:1.9.4
2024-10-08 23:13:08,408 [Worker-189: Download sources and javadoc] INFO  o.e.m.c.i.e.AbstractTransferListenerAdapter - Downloading https://repo.maven.apache.org/maven2/commons-logging/commons-logging/1.2/commons-logging-1.2-sources.jar
2024-10-08 23:13:08,422 [Worker-189: Download sources and javadoc] INFO  o.e.m.c.i.e.AbstractTransferListenerAdapter - Downloaded https://repo.maven.apache.org/maven2/commons-logging/commons-logging/1.2/commons-logging-1.2-sources.jar
2024-10-08 23:13:08,428 [Worker-189: Download sources and javadoc] INFO  o.e.m.j.internal.DownloadSourcesJob - Downloaded sources for commons-logging:commons-logging:1.2
2024-10-08 23:13:08,459 [Worker-189: Download sources and javadoc] INFO  o.e.m.c.i.e.AbstractTransferListenerAdapter - Downloading https://repo.maven.apache.org/maven2/commons-collections/commons-collections/3.2.2/commons-collections-3.2.2-sources.jar
2024-10-08 23:13:08,520 [Worker-189: Download sources and javadoc] INFO  o.e.m.c.i.e.AbstractTransferListenerAdapter - Downloaded https://repo.maven.apache.org/maven2/commons-collections/commons-collections/3.2.2/commons-collections-3.2.2-sources.jar
2024-10-08 23:13:08,526 [Worker-189: Download sources and javadoc] INFO  o.e.m.j.internal.DownloadSourcesJob - Downloaded sources for commons-collections:commons-collections:3.2.2
2024-10-08 23:15:57,355 [Worker-189: Building] WARN  o.a.m.s.f.DefaultMavenResourcesFiltering - Using platform encoding (MS949 actually) to copy filtered resources, i.e. build is platform dependent!
2024-10-08 23:15:57,356 [Worker-189: Building] INFO  o.a.m.s.f.DefaultMavenResourcesFiltering - skip non existing resourceDirectory C:\Users\wogns\OneDrive\바탕 화면\깃허브 레포지토리\swaPractice\Myworkspace\swa01\src\main\resources
2024-10-08 23:15:57,359 [Worker-189: Building] WARN  o.a.m.s.f.DefaultMavenResourcesFiltering - Using platform encoding (MS949 actually) to copy filtered resources, i.e. build is platform dependent!
2024-10-08 23:15:57,360 [Worker-189: Building] INFO  o.a.m.s.f.DefaultMavenResourcesFiltering - skip non existing resourceDirectory C:\Users\wogns\OneDrive\바탕 화면\깃허브 레포지토리\swaPractice\Myworkspace\swa01\src\test\resources
2024-10-08 23:16:45,120 [Worker-190: Building] WARN  o.a.m.s.f.DefaultMavenResourcesFiltering - Using platform encoding (MS949 actually) to copy filtered resources, i.e. build is platform dependent!
2024-10-08 23:16:45,121 [Worker-190: Building] INFO  o.a.m.s.f.DefaultMavenResourcesFiltering - skip non existing resourceDirectory C:\Users\wogns\OneDrive\바탕 화면\깃허브 레포지토리\swaPractice\Myworkspace\swa01\src\main\resources
2024-10-08 23:16:45,123 [Worker-190: Building] WARN  o.a.m.s.f.DefaultMavenResourcesFiltering - Using platform encoding (MS949 actually) to copy filtered resources, i.e. build is platform dependent!
2024-10-08 23:16:45,125 [Worker-190: Building] INFO  o.a.m.s.f.DefaultMavenResourcesFiltering - skip non existing resourceDirectory C:\Users\wogns\OneDrive\바탕 화면\깃허브 레포지토리\swaPractice\Myworkspace\swa01\src\test\resources
2024-10-08 23:18:09,380 [Worker-193: Building] WARN  o.a.m.s.f.DefaultMavenResourcesFiltering - Using platform encoding (MS949 actually) to copy filtered resources, i.e. build is platform dependent!
2024-10-08 23:18:09,381 [Worker-193: Building] INFO  o.a.m.s.f.DefaultMavenResourcesFiltering - skip non existing resourceDirectory C:\Users\wogns\OneDrive\바탕 화면\깃허브 레포지토리\swaPractice\Myworkspace\swa01\src\main\resources
2024-10-08 23:18:09,383 [Worker-193: Building] WARN  o.a.m.s.f.DefaultMavenResourcesFiltering - Using platform encoding (MS949 actually) to copy filtered resources, i.e. build is platform dependent!
2024-10-08 23:18:09,384 [Worker-193: Building] INFO  o.a.m.s.f.DefaultMavenResourcesFiltering - skip non existing resourceDirectory C:\Users\wogns\OneDrive\바탕 화면\깃허브 레포지토리\swaPractice\Myworkspace\swa01\src\test\resources
2024-10-08 23:18:52,404 [Worker-192: Building] WARN  o.a.m.s.f.DefaultMavenResourcesFiltering - Using platform encoding (MS949 actually) to copy filtered resources, i.e. build is platform dependent!
2024-10-08 23:18:52,407 [Worker-192: Building] INFO  o.a.m.s.f.DefaultMavenResourcesFiltering - skip non existing resourceDirectory C:\Users\wogns\OneDrive\바탕 화면\깃허브 레포지토리\swaPractice\Myworkspace\swa01\src\main\resources
2024-10-08 23:18:52,410 [Worker-192: Building] WARN  o.a.m.s.f.DefaultMavenResourcesFiltering - Using platform encoding (MS949 actually) to copy filtered resources, i.e. build is platform dependent!
2024-10-08 23:18:52,411 [Worker-192: Building] INFO  o.a.m.s.f.DefaultMavenResourcesFiltering - skip non existing resourceDirectory C:\Users\wogns\OneDrive\바탕 화면\깃허브 레포지토리\swaPractice\Myworkspace\swa01\src\test\resources
2024-10-08 23:19:01,415 [Worker-186: Building] WARN  o.a.m.s.f.DefaultMavenResourcesFiltering - Using platform encoding (MS949 actually) to copy filtered resources, i.e. build is platform dependent!
2024-10-08 23:19:01,416 [Worker-186: Building] INFO  o.a.m.s.f.DefaultMavenResourcesFiltering - skip non existing resourceDirectory C:\Users\wogns\OneDrive\바탕 화면\깃허브 레포지토리\swaPractice\Myworkspace\swa01\src\main\resources
2024-10-08 23:19:01,418 [Worker-186: Building] WARN  o.a.m.s.f.DefaultMavenResourcesFiltering - Using platform encoding (MS949 actually) to copy filtered resources, i.e. build is platform dependent!
2024-10-08 23:19:01,420 [Worker-186: Building] INFO  o.a.m.s.f.DefaultMavenResourcesFiltering - skip non existing resourceDirectory C:\Users\wogns\OneDrive\바탕 화면\깃허브 레포지토리\swaPractice\Myworkspace\swa01\src\test\resources
2024-10-08 23:19:31,257 [Worker-193: Building] WARN  o.a.m.s.f.DefaultMavenResourcesFiltering - Using platform encoding (MS949 actually) to copy filtered resources, i.e. build is platform dependent!
2024-10-08 23:19:31,258 [Worker-193: Building] INFO  o.a.m.s.f.DefaultMavenResourcesFiltering - skip non existing resourceDirectory C:\Users\wogns\OneDrive\바탕 화면\깃허브 레포지토리\swaPractice\Myworkspace\swa01\src\main\resources
2024-10-08 23:19:31,260 [Worker-193: Building] WARN  o.a.m.s.f.DefaultMavenResourcesFiltering - Using platform encoding (MS949 actually) to copy filtered resources, i.e. build is platform dependent!
2024-10-08 23:19:31,261 [Worker-193: Building] INFO  o.a.m.s.f.DefaultMavenResourcesFiltering - skip non existing resourceDirectory C:\Users\wogns\OneDrive\바탕 화면\깃허브 레포지토리\swaPractice\Myworkspace\swa01\src\test\resources
2024-10-08 23:23:16,356 [Worker-161: Building] WARN  o.a.m.s.f.DefaultMavenResourcesFiltering - Using platform encoding (MS949 actually) to copy filtered resources, i.e. build is platform dependent!
2024-10-08 23:23:16,357 [Worker-161: Building] INFO  o.a.m.s.f.DefaultMavenResourcesFiltering - skip non existing resourceDirectory C:\Users\wogns\OneDrive\바탕 화면\깃허브 레포지토리\swaPractice\Myworkspace\swa01\src\main\resources
2024-10-08 23:23:16,360 [Worker-161: Building] WARN  o.a.m.s.f.DefaultMavenResourcesFiltering - Using platform encoding (MS949 actually) to copy filtered resources, i.e. build is platform dependent!
2024-10-08 23:23:16,361 [Worker-161: Building] INFO  o.a.m.s.f.DefaultMavenResourcesFiltering - skip non existing resourceDirectory C:\Users\wogns\OneDrive\바탕 화면\깃허브 레포지토리\swaPractice\Myworkspace\swa01\src\test\resources
2024-10-08 23:34:21,613 [Worker-203: Building] WARN  o.a.m.s.f.DefaultMavenResourcesFiltering - Using platform encoding (MS949 actually) to copy filtered resources, i.e. build is platform dependent!
2024-10-08 23:34:21,614 [Worker-203: Building] INFO  o.a.m.s.f.DefaultMavenResourcesFiltering - skip non existing resourceDirectory C:\Users\wogns\OneDrive\바탕 화면\깃허브 레포지토리\swaPractice\Myworkspace\swa01\src\main\resources
2024-10-08 23:34:21,616 [Worker-203: Building] WARN  o.a.m.s.f.DefaultMavenResourcesFiltering - Using platform encoding (MS949 actually) to copy filtered resources, i.e. build is platform dependent!
2024-10-08 23:34:21,617 [Worker-203: Building] INFO  o.a.m.s.f.DefaultMavenResourcesFiltering - skip non existing resourceDirectory C:\Users\wogns\OneDrive\바탕 화면\깃허브 레포지토리\swaPractice\Myworkspace\swa01\src\test\resources
2024-10-08 23:38:30,113 [Worker-206: Building] WARN  o.a.m.s.f.DefaultMavenResourcesFiltering - Using platform encoding (MS949 actually) to copy filtered resources, i.e. build is platform dependent!
2024-10-08 23:38:30,114 [Worker-206: Building] INFO  o.a.m.s.f.DefaultMavenResourcesFiltering - skip non existing resourceDirectory C:\Users\wogns\OneDrive\바탕 화면\깃허브 레포지토리\swaPractice\Myworkspace\swa01\src\main\resources
2024-10-08 23:38:30,117 [Worker-206: Building] WARN  o.a.m.s.f.DefaultMavenResourcesFiltering - Using platform encoding (MS949 actually) to copy filtered resources, i.e. build is platform dependent!
2024-10-08 23:38:30,118 [Worker-206: Building] INFO  o.a.m.s.f.DefaultMavenResourcesFiltering - skip non existing resourceDirectory C:\Users\wogns\OneDrive\바탕 화면\깃허브 레포지토리\swaPractice\Myworkspace\swa01\src\test\resources
2024-10-08 23:38:57,588 [Worker-203: Building] WARN  o.a.m.s.f.DefaultMavenResourcesFiltering - Using platform encoding (MS949 actually) to copy filtered resources, i.e. build is platform dependent!
2024-10-08 23:38:57,589 [Worker-203: Building] INFO  o.a.m.s.f.DefaultMavenResourcesFiltering - skip non existing resourceDirectory C:\Users\wogns\OneDrive\바탕 화면\깃허브 레포지토리\swaPractice\Myworkspace\swa01\src\main\resources
2024-10-08 23:38:57,591 [Worker-203: Building] WARN  o.a.m.s.f.DefaultMavenResourcesFiltering - Using platform encoding (MS949 actually) to copy filtered resources, i.e. build is platform dependent!
2024-10-08 23:38:57,592 [Worker-203: Building] INFO  o.a.m.s.f.DefaultMavenResourcesFiltering - skip non existing resourceDirectory C:\Users\wogns\OneDrive\바탕 화면\깃허브 레포지토리\swaPractice\Myworkspace\swa01\src\test\resources
2024-10-08 23:41:39,687 [Worker-202: Building] WARN  o.a.m.s.f.DefaultMavenResourcesFiltering - Using platform encoding (MS949 actually) to copy filtered resources, i.e. build is platform dependent!
2024-10-08 23:41:39,688 [Worker-202: Building] INFO  o.a.m.s.f.DefaultMavenResourcesFiltering - skip non existing resourceDirectory C:\Users\wogns\OneDrive\바탕 화면\깃허브 레포지토리\swaPractice\Myworkspace\swa01\src\main\resources
2024-10-08 23:41:39,689 [Worker-202: Building] WARN  o.a.m.s.f.DefaultMavenResourcesFiltering - Using platform encoding (MS949 actually) to copy filtered resources, i.e. build is platform dependent!
2024-10-08 23:41:39,690 [Worker-202: Building] INFO  o.a.m.s.f.DefaultMavenResourcesFiltering - skip non existing resourceDirectory C:\Users\wogns\OneDrive\바탕 화면\깃허브 레포지토리\swaPractice\Myworkspace\swa01\src\test\resources
2024-10-08 23:45:18,905 [Worker-209: Building] WARN  o.a.m.s.f.DefaultMavenResourcesFiltering - Using platform encoding (MS949 actually) to copy filtered resources, i.e. build is platform dependent!
2024-10-08 23:45:18,906 [Worker-209: Building] INFO  o.a.m.s.f.DefaultMavenResourcesFiltering - skip non existing resourceDirectory C:\Users\wogns\OneDrive\바탕 화면\깃허브 레포지토리\swaPractice\Myworkspace\swa01\src\main\resources
2024-10-08 23:45:18,908 [Worker-209: Building] WARN  o.a.m.s.f.DefaultMavenResourcesFiltering - Using platform encoding (MS949 actually) to copy filtered resources, i.e. build is platform dependent!
2024-10-08 23:45:18,909 [Worker-209: Building] INFO  o.a.m.s.f.DefaultMavenResourcesFiltering - skip non existing resourceDirectory C:\Users\wogns\OneDrive\바탕 화면\깃허브 레포지토리\swaPractice\Myworkspace\swa01\src\test\resources
2024-10-08 23:49:32,362 [Worker-210: Building] WARN  o.a.m.s.f.DefaultMavenResourcesFiltering - Using platform encoding (MS949 actually) to copy filtered resources, i.e. build is platform dependent!
2024-10-08 23:49:32,363 [Worker-210: Building] INFO  o.a.m.s.f.DefaultMavenResourcesFiltering - skip non existing resourceDirectory C:\Users\wogns\OneDrive\바탕 화면\깃허브 레포지토리\swaPractice\Myworkspace\swa01\src\main\resources
2024-10-08 23:49:32,365 [Worker-210: Building] WARN  o.a.m.s.f.DefaultMavenResourcesFiltering - Using platform encoding (MS949 actually) to copy filtered resources, i.e. build is platform dependent!
2024-10-08 23:49:32,366 [Worker-210: Building] INFO  o.a.m.s.f.DefaultMavenResourcesFiltering - skip non existing resourceDirectory C:\Users\wogns\OneDrive\바탕 화면\깃허브 레포지토리\swaPractice\Myworkspace\swa01\src\test\resources
2024-10-08 23:52:27,685 [Worker-216: Building] WARN  o.a.m.s.f.DefaultMavenResourcesFiltering - Using platform encoding (MS949 actually) to copy filtered resources, i.e. build is platform dependent!
2024-10-08 23:52:27,686 [Worker-216: Building] INFO  o.a.m.s.f.DefaultMavenResourcesFiltering - skip non existing resourceDirectory C:\Users\wogns\OneDrive\바탕 화면\깃허브 레포지토리\swaPractice\Myworkspace\swa01\src\main\resources
2024-10-08 23:52:27,688 [Worker-216: Building] WARN  o.a.m.s.f.DefaultMavenResourcesFiltering - Using platform encoding (MS949 actually) to copy filtered resources, i.e. build is platform dependent!
2024-10-08 23:52:27,688 [Worker-216: Building] INFO  o.a.m.s.f.DefaultMavenResourcesFiltering - skip non existing resourceDirectory C:\Users\wogns\OneDrive\바탕 화면\깃허브 레포지토리\swaPractice\Myworkspace\swa01\src\test\resources
2024-10-08 23:54:21,236 [Worker-215: Building] WARN  o.a.m.s.f.DefaultMavenResourcesFiltering - Using platform encoding (MS949 actually) to copy filtered resources, i.e. build is platform dependent!
2024-10-08 23:54:21,237 [Worker-215: Building] INFO  o.a.m.s.f.DefaultMavenResourcesFiltering - skip non existing resourceDirectory C:\Users\wogns\OneDrive\바탕 화면\깃허브 레포지토리\swaPractice\Myworkspace\swa01\src\main\resources
2024-10-08 23:54:21,238 [Worker-215: Building] WARN  o.a.m.s.f.DefaultMavenResourcesFiltering - Using platform encoding (MS949 actually) to copy filtered resources, i.e. build is platform dependent!
2024-10-08 23:54:21,239 [Worker-215: Building] INFO  o.a.m.s.f.DefaultMavenResourcesFiltering - skip non existing resourceDirectory C:\Users\wogns\OneDrive\바탕 화면\깃허브 레포지토리\swaPractice\Myworkspace\swa01\src\test\resources
2024-10-08 23:55:36,348 [Worker-219: Building] WARN  o.a.m.s.f.DefaultMavenResourcesFiltering - Using platform encoding (MS949 actually) to copy filtered resources, i.e. build is platform dependent!
2024-10-08 23:55:36,349 [Worker-219: Building] INFO  o.a.m.s.f.DefaultMavenResourcesFiltering - skip non existing resourceDirectory C:\Users\wogns\OneDrive\바탕 화면\깃허브 레포지토리\swaPractice\Myworkspace\swa01\src\main\resources
2024-10-08 23:55:36,350 [Worker-219: Building] WARN  o.a.m.s.f.DefaultMavenResourcesFiltering - Using platform encoding (MS949 actually) to copy filtered resources, i.e. build is platform dependent!
2024-10-08 23:55:36,351 [Worker-219: Building] INFO  o.a.m.s.f.DefaultMavenResourcesFiltering - skip non existing resourceDirectory C:\Users\wogns\OneDrive\바탕 화면\깃허브 레포지토리\swaPractice\Myworkspace\swa01\src\test\resources
2024-10-09 00:20:42,502 [Worker-228: Building] INFO  o.e.m.c.i.l.LifecycleMappingFactory - Using org.maven.ide.eclipse.wtp.WarLifecycleMapping lifecycle mapping for MavenProject: swa01:swa01:0.0.1-SNAPSHOT @ C:\Users\wogns\OneDrive\바탕 화면\깃허브 레포지토리\swaPractice\Myworkspace\swa01\pom.xml.
2024-10-09 00:20:42,574 [Worker-228: Building] INFO  o.e.m.c.i.e.AbstractTransferListenerAdapter - Downloading https://repo.maven.apache.org/maven2/com/h2database/h2/2.2.222/h2-2.2.222.pom
2024-10-09 00:20:42,579 [Worker-228: Building] INFO  o.e.m.c.i.e.AbstractTransferListenerAdapter - Downloaded https://repo.maven.apache.org/maven2/com/h2database/h2/2.2.222/h2-2.2.222.pom
2024-10-09 00:20:42,613 [Worker-228: Building] INFO  o.e.m.c.i.e.AbstractTransferListenerAdapter - Downloading https://repo.maven.apache.org/maven2/com/h2database/h2/2.2.222/h2-2.2.222.jar
2024-10-09 00:20:42,828 [Worker-228: Building] INFO  o.e.m.c.i.e.AbstractTransferListenerAdapter - Downloaded https://repo.maven.apache.org/maven2/com/h2database/h2/2.2.222/h2-2.2.222.jar
2024-10-09 00:20:43,333 [Worker-228: Building] WARN  o.a.m.s.f.DefaultMavenResourcesFiltering - Using platform encoding (MS949 actually) to copy filtered resources, i.e. build is platform dependent!
2024-10-09 00:20:43,334 [Worker-228: Building] INFO  o.a.m.s.f.DefaultMavenResourcesFiltering - skip non existing resourceDirectory C:\Users\wogns\OneDrive\바탕 화면\깃허브 레포지토리\swaPractice\Myworkspace\swa01\src\main\resources
2024-10-09 00:20:43,336 [Worker-228: Building] WARN  o.a.m.s.f.DefaultMavenResourcesFiltering - Using platform encoding (MS949 actually) to copy filtered resources, i.e. build is platform dependent!
2024-10-09 00:20:43,337 [Worker-228: Building] INFO  o.a.m.s.f.DefaultMavenResourcesFiltering - skip non existing resourceDirectory C:\Users\wogns\OneDrive\바탕 화면\깃허브 레포지토리\swaPractice\Myworkspace\swa01\src\test\resources
2024-10-09 00:20:43,337 [Worker-228: Building] INFO  o.e.m.w.i.f.ResourceFilteringBuildParticipant - Changed resources require a complete clean of filtered resources of swa01
2024-10-09 00:20:43,337 [Worker-228: Building] INFO  o.e.m.w.i.f.ResourceFilteringBuildParticipant - Executing resource filtering for swa01
2024-10-09 00:20:44,310 [Worker-225: Download sources and javadoc] INFO  o.e.m.c.i.e.AbstractTransferListenerAdapter - Downloading https://repo.maven.apache.org/maven2/com/h2database/h2/2.2.222/h2-2.2.222-sources.jar
2024-10-09 00:20:44,459 [Worker-225: Download sources and javadoc] INFO  o.e.m.c.i.e.AbstractTransferListenerAdapter - Downloaded https://repo.maven.apache.org/maven2/com/h2database/h2/2.2.222/h2-2.2.222-sources.jar
2024-10-09 00:20:44,465 [Worker-225: Download sources and javadoc] INFO  o.e.m.j.internal.DownloadSourcesJob - Downloaded sources for com.h2database:h2:2.2.222
2024-10-09 00:21:54,771 [Worker-230: Updating Maven Project] INFO  o.e.m.c.i.p.ProjectConfigurationManager - Update started
2024-10-09 00:21:55,129 [Worker-230: Updating Maven Project] INFO  o.e.m.c.i.l.LifecycleMappingFactory - Using org.maven.ide.eclipse.wtp.WarLifecycleMapping lifecycle mapping for MavenProject: swa01:swa01:0.0.1-SNAPSHOT @ C:\Users\wogns\OneDrive\바탕 화면\깃허브 레포지토리\swaPractice\Myworkspace\swa01\pom.xml.
2024-10-09 00:21:55,592 [Worker-230: Updating Maven Project] INFO  o.e.m.j.i.AbstractJavaProjectConfigurator - Adding source folder /swa01/src/main/java
2024-10-09 00:21:55,593 [Worker-230: Updating Maven Project] INFO  o.e.m.j.i.AbstractJavaProjectConfigurator - Adding resource folder /swa01/src/main/resources
2024-10-09 00:21:55,593 [Worker-230: Updating Maven Project] INFO  o.e.m.j.i.AbstractJavaProjectConfigurator - Adding source folder /swa01/src/test/java
2024-10-09 00:21:55,593 [Worker-230: Updating Maven Project] INFO  o.e.m.j.i.AbstractJavaProjectConfigurator - Adding resource folder /swa01/src/test/resources
2024-10-09 00:21:55,971 [Worker-230: Updating Maven Project] INFO  o.e.m.w.i.f.ResourceFilteringBuildParticipant - Cleaning filtered folder for swa01
2024-10-09 00:21:56,004 [Worker-230: Updating Maven Project] INFO  o.e.m.c.i.p.ProjectConfigurationManager - Update completed for 1 poms: local refresh takes 0.00 sec, refresh facades takes 0.00 sec, update config takes 0.00 sec 
2024-10-09 00:21:56,199 [Worker-214: Building] WARN  o.a.m.s.f.DefaultMavenResourcesFiltering - Using platform encoding (MS949 actually) to copy filtered resources, i.e. build is platform dependent!
2024-10-09 00:21:56,200 [Worker-214: Building] INFO  o.a.m.s.f.DefaultMavenResourcesFiltering - skip non existing resourceDirectory C:\Users\wogns\OneDrive\바탕 화면\깃허브 레포지토리\swaPractice\Myworkspace\swa01\src\main\resources
2024-10-09 00:21:56,203 [Worker-214: Building] WARN  o.a.m.s.f.DefaultMavenResourcesFiltering - Using platform encoding (MS949 actually) to copy filtered resources, i.e. build is platform dependent!
2024-10-09 00:21:56,204 [Worker-214: Building] INFO  o.a.m.s.f.DefaultMavenResourcesFiltering - skip non existing resourceDirectory C:\Users\wogns\OneDrive\바탕 화면\깃허브 레포지토리\swaPractice\Myworkspace\swa01\src\test\resources
2024-10-09 00:21:56,205 [Worker-214: Building] INFO  o.e.m.w.i.f.ResourceFilteringBuildParticipant - Changed resources require a complete clean of filtered resources of swa01
2024-10-09 00:21:56,205 [Worker-214: Building] INFO  o.e.m.w.i.f.ResourceFilteringBuildParticipant - Executing resource filtering for swa01
